Determining if the pthread_create exist failed with the following output:
Change Dir: /home/optio32/ros_workspace/src/gazebo_rtf_receiver/cmake-build-debug/CMakeFiles/CMakeTmp

Run Build Command(s):/usr/bin/make cmTC_79484/fast 
/usr/bin/make -f CMakeFiles/cmTC_79484.dir/build.make CMakeFiles/cmTC_79484.dir/build
make[1]: Entering directory '/home/optio32/ros_workspace/src/gazebo_rtf_receiver/cmake-build-debug/CMakeFiles/CMakeTmp'
Building C object CMakeFiles/cmTC_79484.dir/CheckSymbolExists.c.o
/usr/bin/cc    -o CMakeFiles/cmTC_79484.dir/CheckSymbolExists.c.o   -c /home/optio32/ros_workspace/src/gazebo_rtf_receiver/cmake-build-debug/CMakeFiles/CMakeTmp/CheckSymbolExists.c
Linking C executable cmTC_79484
/opt/clion-2019.1.3/bin/cmake/linux/bin/cmake -E cmake_link_script CMakeFiles/cmTC_79484.dir/link.txt --verbose=1
/usr/bin/cc      -rdynamic CMakeFiles/cmTC_79484.dir/CheckSymbolExists.c.o  -o cmTC_79484 
CMakeFiles/cmTC_79484.dir/CheckSymbolExists.c.o: In function `main':
CheckSymbolExists.c:(.text+0x16): undefined reference to `pthread_create'
collect2: error: ld returned 1 exit status
CMakeFiles/cmTC_79484.dir/build.make:86: recipe for target 'cmTC_79484' failed
make[1]: *** [cmTC_79484] Error 1
make[1]: Leaving directory '/home/optio32/ros_workspace/src/gazebo_rtf_receiver/cmake-build-debug/CMakeFiles/CMakeTmp'
Makefile:121: recipe for target 'cmTC_79484/fast' failed
make: *** [cmTC_79484/fast] Error 2

File /home/optio32/ros_workspace/src/gazebo_rtf_receiver/cmake-build-debug/CMakeFiles/CMakeTmp/CheckSymbolExists.c:
/* */
#include <pthread.h>

int main(int argc, char** argv)
{
  (void)argv;
#ifndef pthread_create
  return ((int*)(&pthread_create))[argc];
#else
  (void)argc;
  return 0;
#endif
}

Determining if the function pthread_create exists in the pthreads failed with the following output:
Change Dir: /home/optio32/ros_workspace/src/gazebo_rtf_receiver/cmake-build-debug/CMakeFiles/CMakeTmp

Run Build Command(s):/usr/bin/make cmTC_52a69/fast 
/usr/bin/make -f CMakeFiles/cmTC_52a69.dir/build.make CMakeFiles/cmTC_52a69.dir/build
make[1]: Entering directory '/home/optio32/ros_workspace/src/gazebo_rtf_receiver/cmake-build-debug/CMakeFiles/CMakeTmp'
Building C object CMakeFiles/cmTC_52a69.dir/CheckFunctionExists.c.o
/usr/bin/cc   -DCHECK_FUNCTION_EXISTS=pthread_create   -o CMakeFiles/cmTC_52a69.dir/CheckFunctionExists.c.o   -c /opt/clion-2019.1.3/bin/cmake/linux/share/cmake-3.14/Modules/CheckFunctionExists.c
Linking C executable cmTC_52a69
/opt/clion-2019.1.3/bin/cmake/linux/bin/cmake -E cmake_link_script CMakeFiles/cmTC_52a69.dir/link.txt --verbose=1
/usr/bin/cc  -DCHECK_FUNCTION_EXISTS=pthread_create    -rdynamic CMakeFiles/cmTC_52a69.dir/CheckFunctionExists.c.o  -o cmTC_52a69 -lpthreads 
/usr/bin/ld: cannot find -lpthreads
collect2: error: ld returned 1 exit status
CMakeFiles/cmTC_52a69.dir/build.make:86: recipe for target 'cmTC_52a69' failed
make[1]: *** [cmTC_52a69] Error 1
make[1]: Leaving directory '/home/optio32/ros_workspace/src/gazebo_rtf_receiver/cmake-build-debug/CMakeFiles/CMakeTmp'
Makefile:121: recipe for target 'cmTC_52a69/fast' failed
make: *** [cmTC_52a69/fast] Error 2


